<?xml version="1.0" encoding="UTF-8"?>
<coverage generated="1651657443656" clover="3.2.0">
  <project timestamp="1651657443657" name="All files">
    <metrics statements="32" coveredstatements="25" conditionals="22" coveredconditionals="17" methods="8" coveredmethods="7" elements="62" coveredelements="49" complexity="0" loc="32" ncloc="32" packages="1" files="3" classes="3"/>
    <file name="test2.js" path="/home/harold/Desktop/Module_2_Two/UnitTestExo/unit-test/test2.js">
      <metrics statements="2" coveredstatements="2" conditionals="0" coveredconditionals="0" methods="1" coveredmethods="1"/>
      <line num="2" count="4" type="stmt"/>
      <line num="5" count="1" type="stmt"/>
    </file>
    <file name="test3.js" path="/home/harold/Desktop/Module_2_Two/UnitTestExo/unit-test/test3.js">
      <metrics statements="24" coveredstatements="18" conditionals="20" coveredconditionals="16" methods="6" coveredmethods="5"/>
      <line num="3" count="1" type="stmt"/>
      <line num="7" count="3" type="cond" truecount="3" falsecount="1"/>
      <line num="8" count="3" type="stmt"/>
      <line num="10" count="0" type="stmt"/>
      <line num="12" count="3" type="stmt"/>
      <line num="16" count="3" type="cond" truecount="3" falsecount="1"/>
      <line num="17" count="3" type="cond" truecount="2" falsecount="0"/>
      <line num="18" count="1" type="stmt"/>
      <line num="20" count="2" type="stmt"/>
      <line num="23" count="0" type="stmt"/>
      <line num="25" count="3" type="stmt"/>
      <line num="29" count="4" type="cond" truecount="3" falsecount="1"/>
      <line num="30" count="4" type="cond" truecount="2" falsecount="0"/>
      <line num="31" count="2" type="stmt"/>
      <line num="33" count="2" type="stmt"/>
      <line num="36" count="0" type="stmt"/>
      <line num="38" count="4" type="stmt"/>
      <line num="42" count="3" type="cond" truecount="3" falsecount="1"/>
      <line num="43" count="3" type="stmt"/>
      <line num="45" count="0" type="stmt"/>
      <line num="47" count="3" type="stmt"/>
      <line num="51" count="0" type="stmt"/>
      <line num="52" count="0" type="stmt"/>
      <line num="56" count="1" type="stmt"/>
    </file>
    <file name="test4.js" path="/home/harold/Desktop/Module_2_Two/UnitTestExo/unit-test/test4.js">
      <metrics statements="6" coveredstatements="5" conditionals="2" coveredconditionals="1" methods="1" coveredmethods="1"/>
      <line num="2" count="2" type="cond" truecount="1" falsecount="1"/>
      <line num="3" count="2" type="stmt"/>
      <line num="4" count="2" type="stmt"/>
      <line num="5" count="2" type="stmt"/>
      <line num="7" count="0" type="stmt"/>
      <line num="10" count="1" type="stmt"/>
    </file>
  </project>
</coverage>
