{"/home/harold/Desktop/Module_2_Two/UnitTestExo/unit-test/test2.js": {"path":"/home/harold/Desktop/Module_2_Two/UnitTestExo/unit-test/test2.js","statementMap":{"0":{"start":{"line":2,"column":2},"end":{"line":2,"column":45}},"1":{"start":{"line":5,"column":0},"end":{"line":5,"column":30}}},"fnMap":{"0":{"name":"reverseString","decl":{"start":{"line":1,"column":9},"end":{"line":1,"column":22}},"loc":{"start":{"line":1,"column":31},"end":{"line":3,"column":1}},"line":1}},"branchMap":{},"s":{"0":4,"1":1},"f":{"0":4},"b":{},"_coverageSchema":"1a1c01bbd47fc00a2c39e90264f33305004495a9","hash":"dfc7db386a60771142541b4ea8f0c9d6084d292f"}
,"/home/harold/Desktop/Module_2_Two/UnitTestExo/unit-test/test3.js": {"path":"/home/harold/Desktop/Module_2_Two/UnitTestExo/unit-test/test3.js","statementMap":{"0":{"start":{"line":3,"column":6},"end":{"line":3,"column":20}},"1":{"start":{"line":7,"column":6},"end":{"line":11,"column":7}},"2":{"start":{"line":8,"column":8},"end":{"line":8,"column":30}},"3":{"start":{"line":10,"column":8},"end":{"line":10,"column":21}},"4":{"start":{"line":12,"column":6},"end":{"line":12,"column":27}},"5":{"start":{"line":16,"column":6},"end":{"line":24,"column":7}},"6":{"start":{"line":17,"column":8},"end":{"line":21,"column":9}},"7":{"start":{"line":18,"column":10},"end":{"line":18,"column":32}},"8":{"start":{"line":20,"column":10},"end":{"line":20,"column":32}},"9":{"start":{"line":23,"column":8},"end":{"line":23,"column":21}},"10":{"start":{"line":25,"column":6},"end":{"line":25,"column":27}},"11":{"start":{"line":29,"column":6},"end":{"line":37,"column":7}},"12":{"start":{"line":30,"column":8},"end":{"line":34,"column":9}},"13":{"start":{"line":31,"column":10},"end":{"line":31,"column":32}},"14":{"start":{"line":33,"column":10},"end":{"line":33,"column":32}},"15":{"start":{"line":36,"column":8},"end":{"line":36,"column":21}},"16":{"start":{"line":38,"column":6},"end":{"line":38,"column":27}},"17":{"start":{"line":42,"column":6},"end":{"line":46,"column":7}},"18":{"start":{"line":43,"column":8},"end":{"line":43,"column":31}},"19":{"start":{"line":45,"column":8},"end":{"line":45,"column":21}},"20":{"start":{"line":47,"column":6},"end":{"line":47,"column":27}},"21":{"start":{"line":51,"column":20},"end":{"line":51,"column":52}},"22":{"start":{"line":52,"column":6},"end":{"line":52,"column":28}},"23":{"start":{"line":56,"column":2},"end":{"line":56,"column":31}}},"fnMap":{"0":{"name":"(anonymous_0)","decl":{"start":{"line":2,"column":4},"end":{"line":2,"column":5}},"loc":{"start":{"line":2,"column":27},"end":{"line":4,"column":5}},"line":2},"1":{"name":"(anonymous_1)","decl":{"start":{"line":6,"column":4},"end":{"line":6,"column":5}},"loc":{"start":{"line":6,"column":14},"end":{"line":13,"column":5}},"line":6},"2":{"name":"(anonymous_2)","decl":{"start":{"line":15,"column":4},"end":{"line":15,"column":5}},"loc":{"start":{"line":15,"column":19},"end":{"line":26,"column":5}},"line":15},"3":{"name":"(anonymous_3)","decl":{"start":{"line":28,"column":4},"end":{"line":28,"column":5}},"loc":{"start":{"line":28,"column":17},"end":{"line":39,"column":5}},"line":28},"4":{"name":"(anonymous_4)","decl":{"start":{"line":41,"column":4},"end":{"line":41,"column":5}},"loc":{"start":{"line":41,"column":19},"end":{"line":48,"column":5}},"line":41},"5":{"name":"(anonymous_5)","decl":{"start":{"line":50,"column":4},"end":{"line":50,"column":5}},"loc":{"start":{"line":50,"column":12},"end":{"line":53,"column":5}},"line":50}},"branchMap":{"0":{"loc":{"start":{"line":7,"column":6},"end":{"line":11,"column":7}},"type":"if","locations":[{"start":{"line":7,"column":6},"end":{"line":11,"column":7}},{"start":{"line":9,"column":13},"end":{"line":11,"column":7}}],"line":7},"1":{"loc":{"start":{"line":7,"column":10},"end":{"line":7,"column":16}},"type":"binary-expr","locations":[{"start":{"line":7,"column":10},"end":{"line":7,"column":11}},{"start":{"line":7,"column":15},"end":{"line":7,"column":16}}],"line":7},"2":{"loc":{"start":{"line":16,"column":6},"end":{"line":24,"column":7}},"type":"if","locations":[{"start":{"line":16,"column":6},"end":{"line":24,"column":7}},{"start":{"line":22,"column":13},"end":{"line":24,"column":7}}],"line":16},"3":{"loc":{"start":{"line":16,"column":10},"end":{"line":16,"column":16}},"type":"binary-expr","locations":[{"start":{"line":16,"column":10},"end":{"line":16,"column":11}},{"start":{"line":16,"column":15},"end":{"line":16,"column":16}}],"line":16},"4":{"loc":{"start":{"line":17,"column":8},"end":{"line":21,"column":9}},"type":"if","locations":[{"start":{"line":17,"column":8},"end":{"line":21,"column":9}},{"start":{"line":19,"column":15},"end":{"line":21,"column":9}}],"line":17},"5":{"loc":{"start":{"line":29,"column":6},"end":{"line":37,"column":7}},"type":"if","locations":[{"start":{"line":29,"column":6},"end":{"line":37,"column":7}},{"start":{"line":35,"column":13},"end":{"line":37,"column":7}}],"line":29},"6":{"loc":{"start":{"line":29,"column":10},"end":{"line":29,"column":16}},"type":"binary-expr","locations":[{"start":{"line":29,"column":10},"end":{"line":29,"column":11}},{"start":{"line":29,"column":15},"end":{"line":29,"column":16}}],"line":29},"7":{"loc":{"start":{"line":30,"column":8},"end":{"line":34,"column":9}},"type":"if","locations":[{"start":{"line":30,"column":8},"end":{"line":34,"column":9}},{"start":{"line":32,"column":15},"end":{"line":34,"column":9}}],"line":30},"8":{"loc":{"start":{"line":42,"column":6},"end":{"line":46,"column":7}},"type":"if","locations":[{"start":{"line":42,"column":6},"end":{"line":46,"column":7}},{"start":{"line":44,"column":13},"end":{"line":46,"column":7}}],"line":42},"9":{"loc":{"start":{"line":42,"column":10},"end":{"line":42,"column":16}},"type":"binary-expr","locations":[{"start":{"line":42,"column":10},"end":{"line":42,"column":11}},{"start":{"line":42,"column":15},"end":{"line":42,"column":16}}],"line":42}},"s":{"0":1,"1":3,"2":3,"3":0,"4":3,"5":3,"6":3,"7":1,"8":2,"9":0,"10":3,"11":4,"12":4,"13":2,"14":2,"15":0,"16":4,"17":3,"18":3,"19":0,"20":3,"21":0,"22":0,"23":1},"f":{"0":1,"1":3,"2":3,"3":4,"4":3,"5":0},"b":{"0":[3,0],"1":[3,3],"2":[3,0],"3":[3,3],"4":[1,2],"5":[4,0],"6":[4,4],"7":[2,2],"8":[3,0],"9":[3,3]},"_coverageSchema":"1a1c01bbd47fc00a2c39e90264f33305004495a9","hash":"5145ac8005556cc199de0ec576e9d0dcd372f2ad"}
,"/home/harold/Desktop/Module_2_Two/UnitTestExo/unit-test/test4.js": {"path":"/home/harold/Desktop/Module_2_Two/UnitTestExo/unit-test/test4.js","statementMap":{"0":{"start":{"line":2,"column":4},"end":{"line":6,"column":5}},"1":{"start":{"line":3,"column":19},"end":{"line":3,"column":35}},"2":{"start":{"line":4,"column":6},"end":{"line":4,"column":38}},"3":{"start":{"line":5,"column":6},"end":{"line":5,"column":27}},"4":{"start":{"line":7,"column":4},"end":{"line":7,"column":44}},"5":{"start":{"line":10,"column":2},"end":{"line":10,"column":33}}},"fnMap":{"0":{"name":"capitalLetter","decl":{"start":{"line":1,"column":9},"end":{"line":1,"column":22}},"loc":{"start":{"line":1,"column":31},"end":{"line":8,"column":3}},"line":1}},"branchMap":{"0":{"loc":{"start":{"line":2,"column":4},"end":{"line":6,"column":5}},"type":"if","locations":[{"start":{"line":2,"column":4},"end":{"line":6,"column":5}},{"start":{},"end":{}}],"line":2}},"s":{"0":2,"1":2,"2":2,"3":2,"4":0,"5":1},"f":{"0":2},"b":{"0":[2,0]},"_coverageSchema":"1a1c01bbd47fc00a2c39e90264f33305004495a9","hash":"a9fe583d20ff3289ba2d80f406f59b7f9990ec66"}
}
