TN:
SF:test2.js
FN:1,reverseString
FNF:1
FNH:1
FNDA:4,reverseString
DA:2,4
DA:5,1
LF:2
LH:2
BRF:0
BRH:0
end_of_record
TN:
SF:test3.js
FN:2,(anonymous_0)
FN:6,(anonymous_1)
FN:15,(anonymous_2)
FN:28,(anonymous_3)
FN:41,(anonymous_4)
FN:50,(anonymous_5)
FNF:6
FNH:5
FNDA:1,(anonymous_0)
FNDA:3,(anonymous_1)
FNDA:3,(anonymous_2)
FNDA:4,(anonymous_3)
FNDA:3,(anonymous_4)
FNDA:0,(anonymous_5)
DA:3,1
DA:7,3
DA:8,3
DA:10,0
DA:12,3
DA:16,3
DA:17,3
DA:18,1
DA:20,2
DA:23,0
DA:25,3
DA:29,4
DA:30,4
DA:31,2
DA:33,2
DA:36,0
DA:38,4
DA:42,3
DA:43,3
DA:45,0
DA:47,3
DA:51,0
DA:52,0
DA:56,1
LF:24
LH:18
BRDA:7,0,0,3
BRDA:7,0,1,0
BRDA:7,1,0,3
BRDA:7,1,1,3
BRDA:16,2,0,3
BRDA:16,2,1,0
BRDA:16,3,0,3
BRDA:16,3,1,3
BRDA:17,4,0,1
BRDA:17,4,1,2
BRDA:29,5,0,4
BRDA:29,5,1,0
BRDA:29,6,0,4
BRDA:29,6,1,4
BRDA:30,7,0,2
BRDA:30,7,1,2
BRDA:42,8,0,3
BRDA:42,8,1,0
BRDA:42,9,0,3
BRDA:42,9,1,3
BRF:20
BRH:16
end_of_record
TN:
SF:test4.js
FN:1,capitalLetter
FNF:1
FNH:1
FNDA:2,capitalLetter
DA:2,2
DA:3,2
DA:4,2
DA:5,2
DA:7,0
DA:10,1
LF:6
LH:5
BRDA:2,0,0,2
BRDA:2,0,1,0
BRF:2
BRH:1
end_of_record
